Header: hostName: vm75-179.support.mapr.com, Time Zone: Pacific Standard Time, processName: null, processId: null
2018-10-23 14:54:16,646 INFO  org.apache.kafka.clients.consumer.ConsumerConfig [main]: ConsumerConfig values: 
	fs.mapr.hardmount = true
	streams.record.strip.streampath = false
	metric.reporters = []
	metadata.max.age.ms = 300000
	partition.assignment.strategy = [org.apache.kafka.clients.consumer.RangeAssignor]
	reconnect.backoff.ms = 50
	sasl.kerberos.ticket.renew.window.factor = 0.8
	max.partition.fetch.bytes = 2147483647
	bootstrap.servers = []
	ssl.keystore.type = JKS
	enable.auto.commit = false
	fs.mapr.rpc.timeout = 300
	ssl.truststore.password = null
	client.id = 
	ssl.endpoint.identification.algorithm = null
	check.crcs = true
	request.timeout.ms = 40000
	heartbeat.interval.ms = 3000
	auto.commit.interval.ms = 100
	receive.buffer.bytes = 32768
	ssl.truststore.type = JKS
	ssl.truststore.location = null
	ssl.keystore.password = null
	streams.consumer.default.stream = 
	fetch.min.bytes = 1024
	send.buffer.bytes = 131072
	value.deserializer = class org.apache.kafka.common.serialization.StringDeserializer
	group.id = t29
	retry.backoff.ms = 100
	sasl.kerberos.kinit.cmd = /usr/bin/kinit
	sasl.kerberos.service.name = null
	sasl.kerberos.ticket.renew.jitter = 0.05
	ssl.trustmanager.algorithm = PKIX
	ssl.key.password = null
	fetch.max.wait.ms = 500
	sasl.kerberos.min.time.before.relogin = 60000
	connections.max.idle.ms = 540000
	session.timeout.ms = 30000
	metrics.num.samples = 2
	key.deserializer = class org.apache.kafka.common.serialization.StringDeserializer
	ssl.protocol = TLS
	streams.consumer.buffer.memory = 67108864
	ssl.provider = null
	ssl.enabled.protocols = [TLSv1.2, TLSv1.1, TLSv1]
	ssl.keystore.location = null
	ssl.cipher.suites = null
	security.protocol = PLAINTEXT
	ssl.keymanager.algorithm = SunX509
	metrics.sample.window.ms = 30000
	streams.zerooffset.record.on.eof = false
	auto.offset.reset = earliest

Header: hostName: vm75-179.support.mapr.com, Time Zone: Pacific Standard Time, processName: null, processId: null
2018-10-23 14:54:39,171 INFO  org.apache.kafka.clients.consumer.ConsumerConfig [main]: ConsumerConfig values: 
	fs.mapr.hardmount = true
	streams.record.strip.streampath = false
	metric.reporters = []
	metadata.max.age.ms = 300000
	partition.assignment.strategy = [org.apache.kafka.clients.consumer.RangeAssignor]
	reconnect.backoff.ms = 50
	sasl.kerberos.ticket.renew.window.factor = 0.8
	max.partition.fetch.bytes = 2147483647
	bootstrap.servers = []
	ssl.keystore.type = JKS
	enable.auto.commit = true
	fs.mapr.rpc.timeout = 300
	ssl.truststore.password = null
	client.id = 
	ssl.endpoint.identification.algorithm = null
	check.crcs = true
	request.timeout.ms = 40000
	heartbeat.interval.ms = 3000
	auto.commit.interval.ms = 100
	receive.buffer.bytes = 32768
	ssl.truststore.type = JKS
	ssl.truststore.location = null
	ssl.keystore.password = null
	streams.consumer.default.stream = 
	fetch.min.bytes = 1024
	send.buffer.bytes = 131072
	value.deserializer = class org.apache.kafka.common.serialization.StringDeserializer
	group.id = t23339
	retry.backoff.ms = 100
	sasl.kerberos.kinit.cmd = /usr/bin/kinit
	sasl.kerberos.service.name = null
	sasl.kerberos.ticket.renew.jitter = 0.05
	ssl.trustmanager.algorithm = PKIX
	ssl.key.password = null
	fetch.max.wait.ms = 500
	sasl.kerberos.min.time.before.relogin = 60000
	connections.max.idle.ms = 540000
	session.timeout.ms = 30000
	metrics.num.samples = 2
	key.deserializer = class org.apache.kafka.common.serialization.StringDeserializer
	ssl.protocol = TLS
	streams.consumer.buffer.memory = 67108864
	ssl.provider = null
	ssl.enabled.protocols = [TLSv1.2, TLSv1.1, TLSv1]
	ssl.keystore.location = null
	ssl.cipher.suites = null
	security.protocol = PLAINTEXT
	ssl.keymanager.algorithm = SunX509
	metrics.sample.window.ms = 30000
	streams.zerooffset.record.on.eof = false
	auto.offset.reset = earliest

Header: hostName: vm75-180.support.mapr.com, Time Zone: Pacific Standard Time, processName: null, processId: null
2018-10-23 14:52:37,366 INFO  org.apache.kafka.clients.producer.ProducerConfig [main]: ProducerConfig values: 
	fs.mapr.hardmount = true
	metric.reporters = []
	metadata.max.age.ms = 300000
	reconnect.backoff.ms = 50
	sasl.kerberos.ticket.renew.window.factor = 0.8
	bootstrap.servers = []
	ssl.keystore.type = JKS
	streams.buffer.max.time.ms = 3000
	fs.mapr.rpc.timeout = 300
	max.block.ms = 60000
	ssl.truststore.password = null
	client.id = 
	ssl.endpoint.identification.algorithm = null
	request.timeout.ms = 30000
	acks = 1
	receive.buffer.bytes = 32768
	ssl.truststore.type = JKS
	retries = 0
	ssl.truststore.location = null
	ssl.keystore.password = null
	send.buffer.bytes = 131072
	compression.type = none
	metadata.fetch.timeout.ms = 60000
	retry.backoff.ms = 100
	sasl.kerberos.kinit.cmd = /usr/bin/kinit
	buffer.memory = 33554432
	timeout.ms = 30000
	key.serializer = class org.apache.kafka.common.serialization.StringSerializer
	sasl.kerberos.service.name = null
	sasl.kerberos.ticket.renew.jitter = 0.05
	ssl.trustmanager.algorithm = PKIX
	block.on.buffer.full = true
	streams.producer.default.stream = 
	streams.partitioner.class = class org.apache.kafka.clients.producer.DefaultStreamsPartitioner
	ssl.key.password = null
	sasl.kerberos.min.time.before.relogin = 60000
	connections.max.idle.ms = 540000
	max.in.flight.requests.per.connection = 5
	metrics.num.samples = 2
	ssl.protocol = TLS
	streams.parallel.flushers.per.partition = true
	ssl.provider = null
	ssl.enabled.protocols = [TLSv1.2, TLSv1.1, TLSv1]
	batch.size = 16384
	ssl.keystore.location = null
	ssl.cipher.suites = null
	security.protocol = PLAINTEXT
	max.request.size = 1048576
	value.serializer = class org.apache.kafka.common.serialization.StringSerializer
	ssl.keymanager.algorithm = SunX509
	metrics.sample.window.ms = 30000
	partitioner.class = class org.apache.kafka.clients.producer.internals.DefaultPartitioner
	linger.ms = 0

Header: hostName: vm75-180.support.mapr.com, Time Zone: Pacific Standard Time, processName: null, processId: null
2018-10-23 14:53:14,427 INFO  org.apache.kafka.clients.consumer.ConsumerConfig [main]: ConsumerConfig values: 
	fs.mapr.hardmount = true
	streams.record.strip.streampath = false
	metric.reporters = []
	metadata.max.age.ms = 300000
	partition.assignment.strategy = [org.apache.kafka.clients.consumer.RangeAssignor]
	reconnect.backoff.ms = 50
	sasl.kerberos.ticket.renew.window.factor = 0.8
	max.partition.fetch.bytes = 2147483647
	bootstrap.servers = []
	ssl.keystore.type = JKS
	enable.auto.commit = true
	fs.mapr.rpc.timeout = 300
	ssl.truststore.password = null
	client.id = 
	ssl.endpoint.identification.algorithm = null
	check.crcs = true
	request.timeout.ms = 40000
	heartbeat.interval.ms = 3000
	auto.commit.interval.ms = 100
	receive.buffer.bytes = 32768
	ssl.truststore.type = JKS
	ssl.truststore.location = null
	ssl.keystore.password = null
	streams.consumer.default.stream = 
	fetch.min.bytes = 1024
	send.buffer.bytes = 131072
	value.deserializer = class org.apache.kafka.common.serialization.StringDeserializer
	group.id = t23339
	retry.backoff.ms = 100
	sasl.kerberos.kinit.cmd = /usr/bin/kinit
	sasl.kerberos.service.name = null
	sasl.kerberos.ticket.renew.jitter = 0.05
	ssl.trustmanager.algorithm = PKIX
	ssl.key.password = null
	fetch.max.wait.ms = 500
	sasl.kerberos.min.time.before.relogin = 60000
	connections.max.idle.ms = 540000
	session.timeout.ms = 30000
	metrics.num.samples = 2
	key.deserializer = class org.apache.kafka.common.serialization.StringDeserializer
	ssl.protocol = TLS
	streams.consumer.buffer.memory = 67108864
	ssl.provider = null
	ssl.enabled.protocols = [TLSv1.2, TLSv1.1, TLSv1]
	ssl.keystore.location = null
	ssl.cipher.suites = null
	security.protocol = PLAINTEXT
	ssl.keymanager.algorithm = SunX509
	metrics.sample.window.ms = 30000
	streams.zerooffset.record.on.eof = false
	auto.offset.reset = earliest

Header: hostName: vm75-179.support.mapr.com, Time Zone: Pacific Standard Time, processName: null, processId: null
2018-10-23 17:59:54,462 INFO  org.apache.kafka.clients.producer.ProducerConfig [main]: ProducerConfig values: 
	fs.mapr.hardmount = true
	metric.reporters = []
	metadata.max.age.ms = 300000
	reconnect.backoff.ms = 50
	sasl.kerberos.ticket.renew.window.factor = 0.8
	bootstrap.servers = []
	ssl.keystore.type = JKS
	streams.buffer.max.time.ms = 3000
	fs.mapr.rpc.timeout = 300
	max.block.ms = 60000
	ssl.truststore.password = null
	client.id = 
	ssl.endpoint.identification.algorithm = null
	request.timeout.ms = 30000
	acks = 1
	receive.buffer.bytes = 32768
	ssl.truststore.type = JKS
	retries = 0
	ssl.truststore.location = null
	ssl.keystore.password = null
	send.buffer.bytes = 131072
	compression.type = none
	metadata.fetch.timeout.ms = 60000
	retry.backoff.ms = 100
	sasl.kerberos.kinit.cmd = /usr/bin/kinit
	buffer.memory = 33554432
	timeout.ms = 30000
	key.serializer = class org.apache.kafka.common.serialization.StringSerializer
	sasl.kerberos.service.name = null
	sasl.kerberos.ticket.renew.jitter = 0.05
	ssl.trustmanager.algorithm = PKIX
	block.on.buffer.full = true
	streams.producer.default.stream = 
	streams.partitioner.class = class org.apache.kafka.clients.producer.DefaultStreamsPartitioner
	ssl.key.password = null
	sasl.kerberos.min.time.before.relogin = 60000
	connections.max.idle.ms = 540000
	max.in.flight.requests.per.connection = 5
	metrics.num.samples = 2
	ssl.protocol = TLS
	streams.parallel.flushers.per.partition = true
	ssl.provider = null
	ssl.enabled.protocols = [TLSv1.2, TLSv1.1, TLSv1]
	batch.size = 16384
	ssl.keystore.location = null
	ssl.cipher.suites = null
	security.protocol = PLAINTEXT
	max.request.size = 1048576
	value.serializer = class org.apache.kafka.common.serialization.StringSerializer
	ssl.keymanager.algorithm = SunX509
	metrics.sample.window.ms = 30000
	partitioner.class = class org.apache.kafka.clients.producer.internals.DefaultPartitioner
	linger.ms = 0

Header: hostName: vm75-179.support.mapr.com, Time Zone: Pacific Standard Time, processName: null, processId: null
2018-10-23 18:00:02,516 INFO  org.apache.kafka.clients.consumer.ConsumerConfig [main]: ConsumerConfig values: 
	fs.mapr.hardmount = true
	streams.record.strip.streampath = false
	metric.reporters = []
	metadata.max.age.ms = 300000
	partition.assignment.strategy = [org.apache.kafka.clients.consumer.RangeAssignor]
	reconnect.backoff.ms = 50
	sasl.kerberos.ticket.renew.window.factor = 0.8
	max.partition.fetch.bytes = 2147483647
	bootstrap.servers = []
	ssl.keystore.type = JKS
	enable.auto.commit = true
	fs.mapr.rpc.timeout = 300
	ssl.truststore.password = null
	client.id = 
	ssl.endpoint.identification.algorithm = null
	check.crcs = true
	request.timeout.ms = 40000
	heartbeat.interval.ms = 3000
	auto.commit.interval.ms = 100
	receive.buffer.bytes = 32768
	ssl.truststore.type = JKS
	ssl.truststore.location = null
	ssl.keystore.password = null
	streams.consumer.default.stream = 
	fetch.min.bytes = 1024
	send.buffer.bytes = 131072
	value.deserializer = class org.apache.kafka.common.serialization.StringDeserializer
	group.id = t23339
	retry.backoff.ms = 100
	sasl.kerberos.kinit.cmd = /usr/bin/kinit
	sasl.kerberos.service.name = null
	sasl.kerberos.ticket.renew.jitter = 0.05
	ssl.trustmanager.algorithm = PKIX
	ssl.key.password = null
	fetch.max.wait.ms = 500
	sasl.kerberos.min.time.before.relogin = 60000
	connections.max.idle.ms = 540000
	session.timeout.ms = 30000
	metrics.num.samples = 2
	key.deserializer = class org.apache.kafka.common.serialization.StringDeserializer
	ssl.protocol = TLS
	streams.consumer.buffer.memory = 67108864
	ssl.provider = null
	ssl.enabled.protocols = [TLSv1.2, TLSv1.1, TLSv1]
	ssl.keystore.location = null
	ssl.cipher.suites = null
	security.protocol = PLAINTEXT
	ssl.keymanager.algorithm = SunX509
	metrics.sample.window.ms = 30000
	streams.zerooffset.record.on.eof = false
	auto.offset.reset = earliest

Header: hostName: vm75-179.support.mapr.com, Time Zone: Pacific Standard Time, processName: null, processId: null
2018-10-23 18:00:54,464 INFO  org.apache.kafka.clients.consumer.ConsumerConfig [main]: ConsumerConfig values: 
	fs.mapr.hardmount = true
	streams.record.strip.streampath = false
	metric.reporters = []
	metadata.max.age.ms = 300000
	partition.assignment.strategy = [org.apache.kafka.clients.consumer.RangeAssignor]
	reconnect.backoff.ms = 50
	sasl.kerberos.ticket.renew.window.factor = 0.8
	max.partition.fetch.bytes = 2147483647
	bootstrap.servers = []
	ssl.keystore.type = JKS
	enable.auto.commit = true
	fs.mapr.rpc.timeout = 300
	ssl.truststore.password = null
	client.id = 
	ssl.endpoint.identification.algorithm = null
	check.crcs = true
	request.timeout.ms = 40000
	heartbeat.interval.ms = 3000
	auto.commit.interval.ms = 100
	receive.buffer.bytes = 32768
	ssl.truststore.type = JKS
	ssl.truststore.location = null
	ssl.keystore.password = null
	streams.consumer.default.stream = 
	fetch.min.bytes = 1024
	send.buffer.bytes = 131072
	value.deserializer = class org.apache.kafka.common.serialization.StringDeserializer
	group.id = tmp
	retry.backoff.ms = 100
	sasl.kerberos.kinit.cmd = /usr/bin/kinit
	sasl.kerberos.service.name = null
	sasl.kerberos.ticket.renew.jitter = 0.05
	ssl.trustmanager.algorithm = PKIX
	ssl.key.password = null
	fetch.max.wait.ms = 500
	sasl.kerberos.min.time.before.relogin = 60000
	connections.max.idle.ms = 540000
	session.timeout.ms = 30000
	metrics.num.samples = 2
	key.deserializer = class org.apache.kafka.common.serialization.StringDeserializer
	ssl.protocol = TLS
	streams.consumer.buffer.memory = 67108864
	ssl.provider = null
	ssl.enabled.protocols = [TLSv1.2, TLSv1.1, TLSv1]
	ssl.keystore.location = null
	ssl.cipher.suites = null
	security.protocol = PLAINTEXT
	ssl.keymanager.algorithm = SunX509
	metrics.sample.window.ms = 30000
	streams.zerooffset.record.on.eof = false
	auto.offset.reset = earliest

Header: hostName: vm75-179.support.mapr.com, Time Zone: Pacific Standard Time, processName: null, processId: null
2018-10-23 18:01:38,767 INFO  org.apache.kafka.clients.consumer.ConsumerConfig [main]: ConsumerConfig values: 
	fs.mapr.hardmount = true
	streams.record.strip.streampath = false
	metric.reporters = []
	metadata.max.age.ms = 300000
	partition.assignment.strategy = [org.apache.kafka.clients.consumer.RangeAssignor]
	reconnect.backoff.ms = 50
	sasl.kerberos.ticket.renew.window.factor = 0.8
	max.partition.fetch.bytes = 2147483647
	bootstrap.servers = []
	ssl.keystore.type = JKS
	enable.auto.commit = true
	fs.mapr.rpc.timeout = 300
	ssl.truststore.password = null
	client.id = 
	ssl.endpoint.identification.algorithm = null
	check.crcs = true
	request.timeout.ms = 40000
	heartbeat.interval.ms = 3000
	auto.commit.interval.ms = 100
	receive.buffer.bytes = 32768
	ssl.truststore.type = JKS
	ssl.truststore.location = null
	ssl.keystore.password = null
	streams.consumer.default.stream = 
	fetch.min.bytes = 1024
	send.buffer.bytes = 131072
	value.deserializer = class org.apache.kafka.common.serialization.StringDeserializer
	group.id = temp
	retry.backoff.ms = 100
	sasl.kerberos.kinit.cmd = /usr/bin/kinit
	sasl.kerberos.service.name = null
	sasl.kerberos.ticket.renew.jitter = 0.05
	ssl.trustmanager.algorithm = PKIX
	ssl.key.password = null
	fetch.max.wait.ms = 500
	sasl.kerberos.min.time.before.relogin = 60000
	connections.max.idle.ms = 540000
	session.timeout.ms = 30000
	metrics.num.samples = 2
	key.deserializer = class org.apache.kafka.common.serialization.StringDeserializer
	ssl.protocol = TLS
	streams.consumer.buffer.memory = 67108864
	ssl.provider = null
	ssl.enabled.protocols = [TLSv1.2, TLSv1.1, TLSv1]
	ssl.keystore.location = null
	ssl.cipher.suites = null
	security.protocol = PLAINTEXT
	ssl.keymanager.algorithm = SunX509
	metrics.sample.window.ms = 30000
	streams.zerooffset.record.on.eof = false
	auto.offset.reset = earliest

Header: hostName: vm75-179.support.mapr.com, Time Zone: Pacific Standard Time, processName: null, processId: null
2018-10-23 18:01:50,691 INFO  org.apache.kafka.clients.consumer.ConsumerConfig [main]: ConsumerConfig values: 
	fs.mapr.hardmount = true
	streams.record.strip.streampath = false
	metric.reporters = []
	metadata.max.age.ms = 300000
	partition.assignment.strategy = [org.apache.kafka.clients.consumer.RangeAssignor]
	reconnect.backoff.ms = 50
	sasl.kerberos.ticket.renew.window.factor = 0.8
	max.partition.fetch.bytes = 2147483647
	bootstrap.servers = []
	ssl.keystore.type = JKS
	enable.auto.commit = true
	fs.mapr.rpc.timeout = 300
	ssl.truststore.password = null
	client.id = 
	ssl.endpoint.identification.algorithm = null
	check.crcs = true
	request.timeout.ms = 40000
	heartbeat.interval.ms = 3000
	auto.commit.interval.ms = 100
	receive.buffer.bytes = 32768
	ssl.truststore.type = JKS
	ssl.truststore.location = null
	ssl.keystore.password = null
	streams.consumer.default.stream = 
	fetch.min.bytes = 1024
	send.buffer.bytes = 131072
	value.deserializer = class org.apache.kafka.common.serialization.StringDeserializer
	group.id = temp
	retry.backoff.ms = 100
	sasl.kerberos.kinit.cmd = /usr/bin/kinit
	sasl.kerberos.service.name = null
	sasl.kerberos.ticket.renew.jitter = 0.05
	ssl.trustmanager.algorithm = PKIX
	ssl.key.password = null
	fetch.max.wait.ms = 500
	sasl.kerberos.min.time.before.relogin = 60000
	connections.max.idle.ms = 540000
	session.timeout.ms = 30000
	metrics.num.samples = 2
	key.deserializer = class org.apache.kafka.common.serialization.StringDeserializer
	ssl.protocol = TLS
	streams.consumer.buffer.memory = 67108864
	ssl.provider = null
	ssl.enabled.protocols = [TLSv1.2, TLSv1.1, TLSv1]
	ssl.keystore.location = null
	ssl.cipher.suites = null
	security.protocol = PLAINTEXT
	ssl.keymanager.algorithm = SunX509
	metrics.sample.window.ms = 30000
	streams.zerooffset.record.on.eof = false
	auto.offset.reset = earliest

Header: hostName: vm75-179.support.mapr.com, Time Zone: Pacific Standard Time, processName: null, processId: null
2018-10-23 18:01:56,837 INFO  org.apache.kafka.clients.consumer.ConsumerConfig [main]: ConsumerConfig values: 
	fs.mapr.hardmount = true
	streams.record.strip.streampath = false
	metric.reporters = []
	metadata.max.age.ms = 300000
	partition.assignment.strategy = [org.apache.kafka.clients.consumer.RangeAssignor]
	reconnect.backoff.ms = 50
	sasl.kerberos.ticket.renew.window.factor = 0.8
	max.partition.fetch.bytes = 2147483647
	bootstrap.servers = []
	ssl.keystore.type = JKS
	enable.auto.commit = true
	fs.mapr.rpc.timeout = 300
	ssl.truststore.password = null
	client.id = 
	ssl.endpoint.identification.algorithm = null
	check.crcs = true
	request.timeout.ms = 40000
	heartbeat.interval.ms = 3000
	auto.commit.interval.ms = 100
	receive.buffer.bytes = 32768
	ssl.truststore.type = JKS
	ssl.truststore.location = null
	ssl.keystore.password = null
	streams.consumer.default.stream = 
	fetch.min.bytes = 1024
	send.buffer.bytes = 131072
	value.deserializer = class org.apache.kafka.common.serialization.StringDeserializer
	group.id = temp
	retry.backoff.ms = 100
	sasl.kerberos.kinit.cmd = /usr/bin/kinit
	sasl.kerberos.service.name = null
	sasl.kerberos.ticket.renew.jitter = 0.05
	ssl.trustmanager.algorithm = PKIX
	ssl.key.password = null
	fetch.max.wait.ms = 500
	sasl.kerberos.min.time.before.relogin = 60000
	connections.max.idle.ms = 540000
	session.timeout.ms = 30000
	metrics.num.samples = 2
	key.deserializer = class org.apache.kafka.common.serialization.StringDeserializer
	ssl.protocol = TLS
	streams.consumer.buffer.memory = 67108864
	ssl.provider = null
	ssl.enabled.protocols = [TLSv1.2, TLSv1.1, TLSv1]
	ssl.keystore.location = null
	ssl.cipher.suites = null
	security.protocol = PLAINTEXT
	ssl.keymanager.algorithm = SunX509
	metrics.sample.window.ms = 30000
	streams.zerooffset.record.on.eof = false
	auto.offset.reset = earliest

Header: hostName: vm75-179.support.mapr.com, Time Zone: Pacific Standard Time, processName: null, processId: null
2018-10-23 18:02:01,915 INFO  org.apache.kafka.clients.consumer.ConsumerConfig [main]: ConsumerConfig values: 
	fs.mapr.hardmount = true
	streams.record.strip.streampath = false
	metric.reporters = []
	metadata.max.age.ms = 300000
	partition.assignment.strategy = [org.apache.kafka.clients.consumer.RangeAssignor]
	reconnect.backoff.ms = 50
	sasl.kerberos.ticket.renew.window.factor = 0.8
	max.partition.fetch.bytes = 2147483647
	bootstrap.servers = []
	ssl.keystore.type = JKS
	enable.auto.commit = true
	fs.mapr.rpc.timeout = 300
	ssl.truststore.password = null
	client.id = 
	ssl.endpoint.identification.algorithm = null
	check.crcs = true
	request.timeout.ms = 40000
	heartbeat.interval.ms = 3000
	auto.commit.interval.ms = 100
	receive.buffer.bytes = 32768
	ssl.truststore.type = JKS
	ssl.truststore.location = null
	ssl.keystore.password = null
	streams.consumer.default.stream = 
	fetch.min.bytes = 1024
	send.buffer.bytes = 131072
	value.deserializer = class org.apache.kafka.common.serialization.StringDeserializer
	group.id = temp1
	retry.backoff.ms = 100
	sasl.kerberos.kinit.cmd = /usr/bin/kinit
	sasl.kerberos.service.name = null
	sasl.kerberos.ticket.renew.jitter = 0.05
	ssl.trustmanager.algorithm = PKIX
	ssl.key.password = null
	fetch.max.wait.ms = 500
	sasl.kerberos.min.time.before.relogin = 60000
	connections.max.idle.ms = 540000
	session.timeout.ms = 30000
	metrics.num.samples = 2
	key.deserializer = class org.apache.kafka.common.serialization.StringDeserializer
	ssl.protocol = TLS
	streams.consumer.buffer.memory = 67108864
	ssl.provider = null
	ssl.enabled.protocols = [TLSv1.2, TLSv1.1, TLSv1]
	ssl.keystore.location = null
	ssl.cipher.suites = null
	security.protocol = PLAINTEXT
	ssl.keymanager.algorithm = SunX509
	metrics.sample.window.ms = 30000
	streams.zerooffset.record.on.eof = false
	auto.offset.reset = earliest

Header: hostName: vm75-179.support.mapr.com, Time Zone: Pacific Standard Time, processName: null, processId: null
2018-10-23 18:03:05,333 INFO  org.apache.kafka.clients.consumer.ConsumerConfig [main]: ConsumerConfig values: 
	fs.mapr.hardmount = true
	streams.record.strip.streampath = false
	metric.reporters = []
	metadata.max.age.ms = 300000
	partition.assignment.strategy = [org.apache.kafka.clients.consumer.RangeAssignor]
	reconnect.backoff.ms = 50
	sasl.kerberos.ticket.renew.window.factor = 0.8
	max.partition.fetch.bytes = 2147483647
	bootstrap.servers = []
	ssl.keystore.type = JKS
	enable.auto.commit = true
	fs.mapr.rpc.timeout = 300
	ssl.truststore.password = null
	client.id = 
	ssl.endpoint.identification.algorithm = null
	check.crcs = true
	request.timeout.ms = 40000
	heartbeat.interval.ms = 3000
	auto.commit.interval.ms = 100
	receive.buffer.bytes = 32768
	ssl.truststore.type = JKS
	ssl.truststore.location = null
	ssl.keystore.password = null
	streams.consumer.default.stream = 
	fetch.min.bytes = 1024
	send.buffer.bytes = 131072
	value.deserializer = class org.apache.kafka.common.serialization.StringDeserializer
	group.id = temp1
	retry.backoff.ms = 100
	sasl.kerberos.kinit.cmd = /usr/bin/kinit
	sasl.kerberos.service.name = null
	sasl.kerberos.ticket.renew.jitter = 0.05
	ssl.trustmanager.algorithm = PKIX
	ssl.key.password = null
	fetch.max.wait.ms = 500
	sasl.kerberos.min.time.before.relogin = 60000
	connections.max.idle.ms = 540000
	session.timeout.ms = 30000
	metrics.num.samples = 2
	key.deserializer = class org.apache.kafka.common.serialization.StringDeserializer
	ssl.protocol = TLS
	streams.consumer.buffer.memory = 67108864
	ssl.provider = null
	ssl.enabled.protocols = [TLSv1.2, TLSv1.1, TLSv1]
	ssl.keystore.location = null
	ssl.cipher.suites = null
	security.protocol = PLAINTEXT
	ssl.keymanager.algorithm = SunX509
	metrics.sample.window.ms = 30000
	streams.zerooffset.record.on.eof = false
	auto.offset.reset = earliest

Header: hostName: vm75-179.support.mapr.com, Time Zone: Pacific Standard Time, processName: null, processId: null
2018-10-23 18:04:34,321 INFO  org.apache.kafka.clients.producer.ProducerConfig [main]: ProducerConfig values: 
	fs.mapr.hardmount = true
	metric.reporters = []
	metadata.max.age.ms = 300000
	reconnect.backoff.ms = 50
	sasl.kerberos.ticket.renew.window.factor = 0.8
	bootstrap.servers = []
	ssl.keystore.type = JKS
	streams.buffer.max.time.ms = 3000
	fs.mapr.rpc.timeout = 300
	max.block.ms = 60000
	ssl.truststore.password = null
	client.id = 
	ssl.endpoint.identification.algorithm = null
	request.timeout.ms = 30000
	acks = 1
	receive.buffer.bytes = 32768
	ssl.truststore.type = JKS
	retries = 0
	ssl.truststore.location = null
	ssl.keystore.password = null
	send.buffer.bytes = 131072
	compression.type = none
	metadata.fetch.timeout.ms = 60000
	retry.backoff.ms = 100
	sasl.kerberos.kinit.cmd = /usr/bin/kinit
	buffer.memory = 33554432
	timeout.ms = 30000
	key.serializer = class org.apache.kafka.common.serialization.StringSerializer
	sasl.kerberos.service.name = null
	sasl.kerberos.ticket.renew.jitter = 0.05
	ssl.trustmanager.algorithm = PKIX
	block.on.buffer.full = true
	streams.producer.default.stream = 
	streams.partitioner.class = class org.apache.kafka.clients.producer.DefaultStreamsPartitioner
	ssl.key.password = null
	sasl.kerberos.min.time.before.relogin = 60000
	connections.max.idle.ms = 540000
	max.in.flight.requests.per.connection = 5
	metrics.num.samples = 2
	ssl.protocol = TLS
	streams.parallel.flushers.per.partition = true
	ssl.provider = null
	ssl.enabled.protocols = [TLSv1.2, TLSv1.1, TLSv1]
	batch.size = 16384
	ssl.keystore.location = null
	ssl.cipher.suites = null
	security.protocol = PLAINTEXT
	max.request.size = 1048576
	value.serializer = class org.apache.kafka.common.serialization.StringSerializer
	ssl.keymanager.algorithm = SunX509
	metrics.sample.window.ms = 30000
	partitioner.class = class org.apache.kafka.clients.producer.internals.DefaultPartitioner
	linger.ms = 0

Header: hostName: vm75-179.support.mapr.com, Time Zone: Pacific Standard Time, processName: null, processId: null
2018-10-23 18:05:30,553 INFO  org.apache.kafka.clients.consumer.ConsumerConfig [main]: ConsumerConfig values: 
	fs.mapr.hardmount = true
	streams.record.strip.streampath = false
	metric.reporters = []
	metadata.max.age.ms = 300000
	partition.assignment.strategy = [org.apache.kafka.clients.consumer.RangeAssignor]
	reconnect.backoff.ms = 50
	sasl.kerberos.ticket.renew.window.factor = 0.8
	max.partition.fetch.bytes = 2147483647
	bootstrap.servers = []
	ssl.keystore.type = JKS
	enable.auto.commit = true
	fs.mapr.rpc.timeout = 300
	ssl.truststore.password = null
	client.id = 
	ssl.endpoint.identification.algorithm = null
	check.crcs = true
	request.timeout.ms = 40000
	heartbeat.interval.ms = 3000
	auto.commit.interval.ms = 100
	receive.buffer.bytes = 32768
	ssl.truststore.type = JKS
	ssl.truststore.location = null
	ssl.keystore.password = null
	streams.consumer.default.stream = 
	fetch.min.bytes = 1024
	send.buffer.bytes = 131072
	value.deserializer = class org.apache.kafka.common.serialization.StringDeserializer
	group.id = temp1
	retry.backoff.ms = 100
	sasl.kerberos.kinit.cmd = /usr/bin/kinit
	sasl.kerberos.service.name = null
	sasl.kerberos.ticket.renew.jitter = 0.05
	ssl.trustmanager.algorithm = PKIX
	ssl.key.password = null
	fetch.max.wait.ms = 500
	sasl.kerberos.min.time.before.relogin = 60000
	connections.max.idle.ms = 540000
	session.timeout.ms = 30000
	metrics.num.samples = 2
	key.deserializer = class org.apache.kafka.common.serialization.StringDeserializer
	ssl.protocol = TLS
	streams.consumer.buffer.memory = 67108864
	ssl.provider = null
	ssl.enabled.protocols = [TLSv1.2, TLSv1.1, TLSv1]
	ssl.keystore.location = null
	ssl.cipher.suites = null
	security.protocol = PLAINTEXT
	ssl.keymanager.algorithm = SunX509
	metrics.sample.window.ms = 30000
	streams.zerooffset.record.on.eof = false
	auto.offset.reset = earliest

Header: hostName: vm75-179.support.mapr.com, Time Zone: Pacific Standard Time, processName: null, processId: null
2018-10-23 18:05:44,474 INFO  org.apache.kafka.clients.consumer.ConsumerConfig [main]: ConsumerConfig values: 
	fs.mapr.hardmount = true
	streams.record.strip.streampath = false
	metric.reporters = []
	metadata.max.age.ms = 300000
	partition.assignment.strategy = [org.apache.kafka.clients.consumer.RangeAssignor]
	reconnect.backoff.ms = 50
	sasl.kerberos.ticket.renew.window.factor = 0.8
	max.partition.fetch.bytes = 2147483647
	bootstrap.servers = []
	ssl.keystore.type = JKS
	enable.auto.commit = true
	fs.mapr.rpc.timeout = 300
	ssl.truststore.password = null
	client.id = 
	ssl.endpoint.identification.algorithm = null
	check.crcs = true
	request.timeout.ms = 40000
	heartbeat.interval.ms = 3000
	auto.commit.interval.ms = 100
	receive.buffer.bytes = 32768
	ssl.truststore.type = JKS
	ssl.truststore.location = null
	ssl.keystore.password = null
	streams.consumer.default.stream = 
	fetch.min.bytes = 1024
	send.buffer.bytes = 131072
	value.deserializer = class org.apache.kafka.common.serialization.StringDeserializer
	group.id = temp1
	retry.backoff.ms = 100
	sasl.kerberos.kinit.cmd = /usr/bin/kinit
	sasl.kerberos.service.name = null
	sasl.kerberos.ticket.renew.jitter = 0.05
	ssl.trustmanager.algorithm = PKIX
	ssl.key.password = null
	fetch.max.wait.ms = 500
	sasl.kerberos.min.time.before.relogin = 60000
	connections.max.idle.ms = 540000
	session.timeout.ms = 30000
	metrics.num.samples = 2
	key.deserializer = class org.apache.kafka.common.serialization.StringDeserializer
	ssl.protocol = TLS
	streams.consumer.buffer.memory = 67108864
	ssl.provider = null
	ssl.enabled.protocols = [TLSv1.2, TLSv1.1, TLSv1]
	ssl.keystore.location = null
	ssl.cipher.suites = null
	security.protocol = PLAINTEXT
	ssl.keymanager.algorithm = SunX509
	metrics.sample.window.ms = 30000
	streams.zerooffset.record.on.eof = false
	auto.offset.reset = earliest

Header: hostName: vm75-179.support.mapr.com, Time Zone: Pacific Standard Time, processName: null, processId: null
2018-10-23 18:07:59,079 INFO  org.apache.kafka.clients.consumer.ConsumerConfig [main]: ConsumerConfig values: 
	fs.mapr.hardmount = true
	streams.record.strip.streampath = false
	metric.reporters = []
	metadata.max.age.ms = 300000
	partition.assignment.strategy = [org.apache.kafka.clients.consumer.RangeAssignor]
	reconnect.backoff.ms = 50
	sasl.kerberos.ticket.renew.window.factor = 0.8
	max.partition.fetch.bytes = 2147483647
	bootstrap.servers = []
	ssl.keystore.type = JKS
	enable.auto.commit = true
	fs.mapr.rpc.timeout = 300
	ssl.truststore.password = null
	client.id = 
	ssl.endpoint.identification.algorithm = null
	check.crcs = true
	request.timeout.ms = 40000
	heartbeat.interval.ms = 3000
	auto.commit.interval.ms = 100
	receive.buffer.bytes = 32768
	ssl.truststore.type = JKS
	ssl.truststore.location = null
	ssl.keystore.password = null
	streams.consumer.default.stream = 
	fetch.min.bytes = 1024
	send.buffer.bytes = 131072
	value.deserializer = class org.apache.kafka.common.serialization.StringDeserializer
	group.id = tmp
	retry.backoff.ms = 100
	sasl.kerberos.kinit.cmd = /usr/bin/kinit
	sasl.kerberos.service.name = null
	sasl.kerberos.ticket.renew.jitter = 0.05
	ssl.trustmanager.algorithm = PKIX
	ssl.key.password = null
	fetch.max.wait.ms = 500
	sasl.kerberos.min.time.before.relogin = 60000
	connections.max.idle.ms = 540000
	session.timeout.ms = 30000
	metrics.num.samples = 2
	key.deserializer = class org.apache.kafka.common.serialization.StringDeserializer
	ssl.protocol = TLS
	streams.consumer.buffer.memory = 67108864
	ssl.provider = null
	ssl.enabled.protocols = [TLSv1.2, TLSv1.1, TLSv1]
	ssl.keystore.location = null
	ssl.cipher.suites = null
	security.protocol = PLAINTEXT
	ssl.keymanager.algorithm = SunX509
	metrics.sample.window.ms = 30000
	streams.zerooffset.record.on.eof = false
	auto.offset.reset = earliest

Header: hostName: vm75-179.support.mapr.com, Time Zone: Pacific Standard Time, processName: null, processId: null
2018-10-23 18:08:21,924 INFO  org.apache.kafka.clients.consumer.ConsumerConfig [main]: ConsumerConfig values: 
	fs.mapr.hardmount = true
	streams.record.strip.streampath = false
	metric.reporters = []
	metadata.max.age.ms = 300000
	partition.assignment.strategy = [org.apache.kafka.clients.consumer.RangeAssignor]
	reconnect.backoff.ms = 50
	sasl.kerberos.ticket.renew.window.factor = 0.8
	max.partition.fetch.bytes = 2147483647
	bootstrap.servers = []
	ssl.keystore.type = JKS
	enable.auto.commit = true
	fs.mapr.rpc.timeout = 300
	ssl.truststore.password = null
	client.id = 
	ssl.endpoint.identification.algorithm = null
	check.crcs = true
	request.timeout.ms = 40000
	heartbeat.interval.ms = 3000
	auto.commit.interval.ms = 100
	receive.buffer.bytes = 32768
	ssl.truststore.type = JKS
	ssl.truststore.location = null
	ssl.keystore.password = null
	streams.consumer.default.stream = 
	fetch.min.bytes = 1024
	send.buffer.bytes = 131072
	value.deserializer = class org.apache.kafka.common.serialization.StringDeserializer
	group.id = tmp
	retry.backoff.ms = 100
	sasl.kerberos.kinit.cmd = /usr/bin/kinit
	sasl.kerberos.service.name = null
	sasl.kerberos.ticket.renew.jitter = 0.05
	ssl.trustmanager.algorithm = PKIX
	ssl.key.password = null
	fetch.max.wait.ms = 500
	sasl.kerberos.min.time.before.relogin = 60000
	connections.max.idle.ms = 540000
	session.timeout.ms = 30000
	metrics.num.samples = 2
	key.deserializer = class org.apache.kafka.common.serialization.StringDeserializer
	ssl.protocol = TLS
	streams.consumer.buffer.memory = 67108864
	ssl.provider = null
	ssl.enabled.protocols = [TLSv1.2, TLSv1.1, TLSv1]
	ssl.keystore.location = null
	ssl.cipher.suites = null
	security.protocol = PLAINTEXT
	ssl.keymanager.algorithm = SunX509
	metrics.sample.window.ms = 30000
	streams.zerooffset.record.on.eof = false
	auto.offset.reset = earliest

Header: hostName: vm75-179.support.mapr.com, Time Zone: Pacific Standard Time, processName: null, processId: null
2018-10-23 18:08:38,732 INFO  org.apache.kafka.clients.consumer.ConsumerConfig [main]: ConsumerConfig values: 
	fs.mapr.hardmount = true
	streams.record.strip.streampath = false
	metric.reporters = []
	metadata.max.age.ms = 300000
	partition.assignment.strategy = [org.apache.kafka.clients.consumer.RangeAssignor]
	reconnect.backoff.ms = 50
	sasl.kerberos.ticket.renew.window.factor = 0.8
	max.partition.fetch.bytes = 2147483647
	bootstrap.servers = []
	ssl.keystore.type = JKS
	enable.auto.commit = true
	fs.mapr.rpc.timeout = 300
	ssl.truststore.password = null
	client.id = 
	ssl.endpoint.identification.algorithm = null
	check.crcs = true
	request.timeout.ms = 40000
	heartbeat.interval.ms = 3000
	auto.commit.interval.ms = 100
	receive.buffer.bytes = 32768
	ssl.truststore.type = JKS
	ssl.truststore.location = null
	ssl.keystore.password = null
	streams.consumer.default.stream = 
	fetch.min.bytes = 1024
	send.buffer.bytes = 131072
	value.deserializer = class org.apache.kafka.common.serialization.StringDeserializer
	group.id = tgrp
	retry.backoff.ms = 100
	sasl.kerberos.kinit.cmd = /usr/bin/kinit
	sasl.kerberos.service.name = null
	sasl.kerberos.ticket.renew.jitter = 0.05
	ssl.trustmanager.algorithm = PKIX
	ssl.key.password = null
	fetch.max.wait.ms = 500
	sasl.kerberos.min.time.before.relogin = 60000
	connections.max.idle.ms = 540000
	session.timeout.ms = 30000
	metrics.num.samples = 2
	key.deserializer = class org.apache.kafka.common.serialization.StringDeserializer
	ssl.protocol = TLS
	streams.consumer.buffer.memory = 67108864
	ssl.provider = null
	ssl.enabled.protocols = [TLSv1.2, TLSv1.1, TLSv1]
	ssl.keystore.location = null
	ssl.cipher.suites = null
	security.protocol = PLAINTEXT
	ssl.keymanager.algorithm = SunX509
	metrics.sample.window.ms = 30000
	streams.zerooffset.record.on.eof = false
	auto.offset.reset = earliest

Header: hostName: vm75-179.support.mapr.com, Time Zone: Pacific Standard Time, processName: null, processId: null
2018-10-23 18:09:53,745 INFO  org.apache.kafka.clients.consumer.ConsumerConfig [main]: ConsumerConfig values: 
	fs.mapr.hardmount = true
	streams.record.strip.streampath = false
	metric.reporters = []
	metadata.max.age.ms = 300000
	partition.assignment.strategy = [org.apache.kafka.clients.consumer.RangeAssignor]
	reconnect.backoff.ms = 50
	sasl.kerberos.ticket.renew.window.factor = 0.8
	max.partition.fetch.bytes = 2147483647
	bootstrap.servers = []
	ssl.keystore.type = JKS
	enable.auto.commit = true
	fs.mapr.rpc.timeout = 300
	ssl.truststore.password = null
	client.id = 
	ssl.endpoint.identification.algorithm = null
	check.crcs = true
	request.timeout.ms = 40000
	heartbeat.interval.ms = 3000
	auto.commit.interval.ms = 100
	receive.buffer.bytes = 32768
	ssl.truststore.type = JKS
	ssl.truststore.location = null
	ssl.keystore.password = null
	streams.consumer.default.stream = 
	fetch.min.bytes = 1024
	send.buffer.bytes = 131072
	value.deserializer = class org.apache.kafka.common.serialization.StringDeserializer
	group.id = tgrp
	retry.backoff.ms = 100
	sasl.kerberos.kinit.cmd = /usr/bin/kinit
	sasl.kerberos.service.name = null
	sasl.kerberos.ticket.renew.jitter = 0.05
	ssl.trustmanager.algorithm = PKIX
	ssl.key.password = null
	fetch.max.wait.ms = 500
	sasl.kerberos.min.time.before.relogin = 60000
	connections.max.idle.ms = 540000
	session.timeout.ms = 30000
	metrics.num.samples = 2
	key.deserializer = class org.apache.kafka.common.serialization.StringDeserializer
	ssl.protocol = TLS
	streams.consumer.buffer.memory = 67108864
	ssl.provider = null
	ssl.enabled.protocols = [TLSv1.2, TLSv1.1, TLSv1]
	ssl.keystore.location = null
	ssl.cipher.suites = null
	security.protocol = PLAINTEXT
	ssl.keymanager.algorithm = SunX509
	metrics.sample.window.ms = 30000
	streams.zerooffset.record.on.eof = false
	auto.offset.reset = earliest

Header: hostName: vm75-179.support.mapr.com, Time Zone: Pacific Standard Time, processName: null, processId: null
2018-10-23 18:10:16,547 INFO  org.apache.kafka.clients.consumer.ConsumerConfig [main]: ConsumerConfig values: 
	fs.mapr.hardmount = true
	streams.record.strip.streampath = false
	metric.reporters = []
	metadata.max.age.ms = 300000
	partition.assignment.strategy = [org.apache.kafka.clients.consumer.RangeAssignor]
	reconnect.backoff.ms = 50
	sasl.kerberos.ticket.renew.window.factor = 0.8
	max.partition.fetch.bytes = 2147483647
	bootstrap.servers = []
	ssl.keystore.type = JKS
	enable.auto.commit = true
	fs.mapr.rpc.timeout = 300
	ssl.truststore.password = null
	client.id = 
	ssl.endpoint.identification.algorithm = null
	check.crcs = true
	request.timeout.ms = 40000
	heartbeat.interval.ms = 3000
	auto.commit.interval.ms = 100
	receive.buffer.bytes = 32768
	ssl.truststore.type = JKS
	ssl.truststore.location = null
	ssl.keystore.password = null
	streams.consumer.default.stream = 
	fetch.min.bytes = 1024
	send.buffer.bytes = 131072
	value.deserializer = class org.apache.kafka.common.serialization.StringDeserializer
	group.id = tgrp
	retry.backoff.ms = 100
	sasl.kerberos.kinit.cmd = /usr/bin/kinit
	sasl.kerberos.service.name = null
	sasl.kerberos.ticket.renew.jitter = 0.05
	ssl.trustmanager.algorithm = PKIX
	ssl.key.password = null
	fetch.max.wait.ms = 500
	sasl.kerberos.min.time.before.relogin = 60000
	connections.max.idle.ms = 540000
	session.timeout.ms = 30000
	metrics.num.samples = 2
	key.deserializer = class org.apache.kafka.common.serialization.StringDeserializer
	ssl.protocol = TLS
	streams.consumer.buffer.memory = 67108864
	ssl.provider = null
	ssl.enabled.protocols = [TLSv1.2, TLSv1.1, TLSv1]
	ssl.keystore.location = null
	ssl.cipher.suites = null
	security.protocol = PLAINTEXT
	ssl.keymanager.algorithm = SunX509
	metrics.sample.window.ms = 30000
	streams.zerooffset.record.on.eof = false
	auto.offset.reset = earliest

Header: hostName: vm75-179.support.mapr.com, Time Zone: Pacific Standard Time, processName: null, processId: null
2018-10-23 18:11:25,051 INFO  org.apache.kafka.clients.consumer.ConsumerConfig [main]: ConsumerConfig values: 
	fs.mapr.hardmount = true
	streams.record.strip.streampath = false
	metric.reporters = []
	metadata.max.age.ms = 300000
	partition.assignment.strategy = [org.apache.kafka.clients.consumer.RangeAssignor]
	reconnect.backoff.ms = 50
	sasl.kerberos.ticket.renew.window.factor = 0.8
	max.partition.fetch.bytes = 2147483647
	bootstrap.servers = []
	ssl.keystore.type = JKS
	enable.auto.commit = true
	fs.mapr.rpc.timeout = 300
	ssl.truststore.password = null
	client.id = 
	ssl.endpoint.identification.algorithm = null
	check.crcs = true
	request.timeout.ms = 40000
	heartbeat.interval.ms = 3000
	auto.commit.interval.ms = 100
	receive.buffer.bytes = 32768
	ssl.truststore.type = JKS
	ssl.truststore.location = null
	ssl.keystore.password = null
	streams.consumer.default.stream = 
	fetch.min.bytes = 1024
	send.buffer.bytes = 131072
	value.deserializer = class org.apache.kafka.common.serialization.StringDeserializer
	group.id = tgrp
	retry.backoff.ms = 100
	sasl.kerberos.kinit.cmd = /usr/bin/kinit
	sasl.kerberos.service.name = null
	sasl.kerberos.ticket.renew.jitter = 0.05
	ssl.trustmanager.algorithm = PKIX
	ssl.key.password = null
	fetch.max.wait.ms = 500
	sasl.kerberos.min.time.before.relogin = 60000
	connections.max.idle.ms = 540000
	session.timeout.ms = 30000
	metrics.num.samples = 2
	key.deserializer = class org.apache.kafka.common.serialization.StringDeserializer
	ssl.protocol = TLS
	streams.consumer.buffer.memory = 67108864
	ssl.provider = null
	ssl.enabled.protocols = [TLSv1.2, TLSv1.1, TLSv1]
	ssl.keystore.location = null
	ssl.cipher.suites = null
	security.protocol = PLAINTEXT
	ssl.keymanager.algorithm = SunX509
	metrics.sample.window.ms = 30000
	streams.zerooffset.record.on.eof = false
	auto.offset.reset = earliest

Header: hostName: vm75-179.support.mapr.com, Time Zone: Pacific Standard Time, processName: null, processId: null
2018-10-23 18:11:32,178 INFO  org.apache.kafka.clients.consumer.ConsumerConfig [main]: ConsumerConfig values: 
	fs.mapr.hardmount = true
	streams.record.strip.streampath = false
	metric.reporters = []
	metadata.max.age.ms = 300000
	partition.assignment.strategy = [org.apache.kafka.clients.consumer.RangeAssignor]
	reconnect.backoff.ms = 50
	sasl.kerberos.ticket.renew.window.factor = 0.8
	max.partition.fetch.bytes = 2147483647
	bootstrap.servers = []
	ssl.keystore.type = JKS
	enable.auto.commit = true
	fs.mapr.rpc.timeout = 300
	ssl.truststore.password = null
	client.id = 
	ssl.endpoint.identification.algorithm = null
	check.crcs = true
	request.timeout.ms = 40000
	heartbeat.interval.ms = 3000
	auto.commit.interval.ms = 100
	receive.buffer.bytes = 32768
	ssl.truststore.type = JKS
	ssl.truststore.location = null
	ssl.keystore.password = null
	streams.consumer.default.stream = 
	fetch.min.bytes = 1024
	send.buffer.bytes = 131072
	value.deserializer = class org.apache.kafka.common.serialization.StringDeserializer
	group.id = tgrp
	retry.backoff.ms = 100
	sasl.kerberos.kinit.cmd = /usr/bin/kinit
	sasl.kerberos.service.name = null
	sasl.kerberos.ticket.renew.jitter = 0.05
	ssl.trustmanager.algorithm = PKIX
	ssl.key.password = null
	fetch.max.wait.ms = 500
	sasl.kerberos.min.time.before.relogin = 60000
	connections.max.idle.ms = 540000
	session.timeout.ms = 30000
	metrics.num.samples = 2
	key.deserializer = class org.apache.kafka.common.serialization.StringDeserializer
	ssl.protocol = TLS
	streams.consumer.buffer.memory = 67108864
	ssl.provider = null
	ssl.enabled.protocols = [TLSv1.2, TLSv1.1, TLSv1]
	ssl.keystore.location = null
	ssl.cipher.suites = null
	security.protocol = PLAINTEXT
	ssl.keymanager.algorithm = SunX509
	metrics.sample.window.ms = 30000
	streams.zerooffset.record.on.eof = false
	auto.offset.reset = earliest

Header: hostName: vm75-179.support.mapr.com, Time Zone: Pacific Standard Time, processName: null, processId: null
2018-10-23 18:11:45,037 INFO  org.apache.kafka.clients.consumer.ConsumerConfig [main]: ConsumerConfig values: 
	fs.mapr.hardmount = true
	streams.record.strip.streampath = false
	metric.reporters = []
	metadata.max.age.ms = 300000
	partition.assignment.strategy = [org.apache.kafka.clients.consumer.RangeAssignor]
	reconnect.backoff.ms = 50
	sasl.kerberos.ticket.renew.window.factor = 0.8
	max.partition.fetch.bytes = 2147483647
	bootstrap.servers = []
	ssl.keystore.type = JKS
	enable.auto.commit = true
	fs.mapr.rpc.timeout = 300
	ssl.truststore.password = null
	client.id = 
	ssl.endpoint.identification.algorithm = null
	check.crcs = true
	request.timeout.ms = 40000
	heartbeat.interval.ms = 3000
	auto.commit.interval.ms = 100
	receive.buffer.bytes = 32768
	ssl.truststore.type = JKS
	ssl.truststore.location = null
	ssl.keystore.password = null
	streams.consumer.default.stream = 
	fetch.min.bytes = 1024
	send.buffer.bytes = 131072
	value.deserializer = class org.apache.kafka.common.serialization.StringDeserializer
	group.id = tgrp
	retry.backoff.ms = 100
	sasl.kerberos.kinit.cmd = /usr/bin/kinit
	sasl.kerberos.service.name = null
	sasl.kerberos.ticket.renew.jitter = 0.05
	ssl.trustmanager.algorithm = PKIX
	ssl.key.password = null
	fetch.max.wait.ms = 500
	sasl.kerberos.min.time.before.relogin = 60000
	connections.max.idle.ms = 540000
	session.timeout.ms = 30000
	metrics.num.samples = 2
	key.deserializer = class org.apache.kafka.common.serialization.StringDeserializer
	ssl.protocol = TLS
	streams.consumer.buffer.memory = 67108864
	ssl.provider = null
	ssl.enabled.protocols = [TLSv1.2, TLSv1.1, TLSv1]
	ssl.keystore.location = null
	ssl.cipher.suites = null
	security.protocol = PLAINTEXT
	ssl.keymanager.algorithm = SunX509
	metrics.sample.window.ms = 30000
	streams.zerooffset.record.on.eof = false
	auto.offset.reset = earliest

Header: hostName: vm75-179.support.mapr.com, Time Zone: Pacific Standard Time, processName: null, processId: null
2018-10-23 18:13:13,697 INFO  org.apache.kafka.clients.consumer.ConsumerConfig [main]: ConsumerConfig values: 
	fs.mapr.hardmount = true
	streams.record.strip.streampath = false
	metric.reporters = []
	metadata.max.age.ms = 300000
	partition.assignment.strategy = [org.apache.kafka.clients.consumer.RangeAssignor]
	reconnect.backoff.ms = 50
	sasl.kerberos.ticket.renew.window.factor = 0.8
	max.partition.fetch.bytes = 2147483647
	bootstrap.servers = []
	ssl.keystore.type = JKS
	enable.auto.commit = true
	fs.mapr.rpc.timeout = 300
	ssl.truststore.password = null
	client.id = 
	ssl.endpoint.identification.algorithm = null
	check.crcs = true
	request.timeout.ms = 40000
	heartbeat.interval.ms = 3000
	auto.commit.interval.ms = 100
	receive.buffer.bytes = 32768
	ssl.truststore.type = JKS
	ssl.truststore.location = null
	ssl.keystore.password = null
	streams.consumer.default.stream = 
	fetch.min.bytes = 1024
	send.buffer.bytes = 131072
	value.deserializer = class org.apache.kafka.common.serialization.StringDeserializer
	group.id = tgrp
	retry.backoff.ms = 100
	sasl.kerberos.kinit.cmd = /usr/bin/kinit
	sasl.kerberos.service.name = null
	sasl.kerberos.ticket.renew.jitter = 0.05
	ssl.trustmanager.algorithm = PKIX
	ssl.key.password = null
	fetch.max.wait.ms = 500
	sasl.kerberos.min.time.before.relogin = 60000
	connections.max.idle.ms = 540000
	session.timeout.ms = 30000
	metrics.num.samples = 2
	key.deserializer = class org.apache.kafka.common.serialization.StringDeserializer
	ssl.protocol = TLS
	streams.consumer.buffer.memory = 67108864
	ssl.provider = null
	ssl.enabled.protocols = [TLSv1.2, TLSv1.1, TLSv1]
	ssl.keystore.location = null
	ssl.cipher.suites = null
	security.protocol = PLAINTEXT
	ssl.keymanager.algorithm = SunX509
	metrics.sample.window.ms = 30000
	streams.zerooffset.record.on.eof = false
	auto.offset.reset = earliest

Header: hostName: vm75-179.support.mapr.com, Time Zone: Pacific Standard Time, processName: null, processId: null
2018-10-23 18:13:27,478 INFO  org.apache.kafka.clients.consumer.ConsumerConfig [main]: ConsumerConfig values: 
	fs.mapr.hardmount = true
	streams.record.strip.streampath = false
	metric.reporters = []
	metadata.max.age.ms = 300000
	partition.assignment.strategy = [org.apache.kafka.clients.consumer.RangeAssignor]
	reconnect.backoff.ms = 50
	sasl.kerberos.ticket.renew.window.factor = 0.8
	max.partition.fetch.bytes = 2147483647
	bootstrap.servers = []
	ssl.keystore.type = JKS
	enable.auto.commit = true
	fs.mapr.rpc.timeout = 300
	ssl.truststore.password = null
	client.id = 
	ssl.endpoint.identification.algorithm = null
	check.crcs = true
	request.timeout.ms = 40000
	heartbeat.interval.ms = 3000
	auto.commit.interval.ms = 100
	receive.buffer.bytes = 32768
	ssl.truststore.type = JKS
	ssl.truststore.location = null
	ssl.keystore.password = null
	streams.consumer.default.stream = 
	fetch.min.bytes = 1024
	send.buffer.bytes = 131072
	value.deserializer = class org.apache.kafka.common.serialization.StringDeserializer
	group.id = tgrp
	retry.backoff.ms = 100
	sasl.kerberos.kinit.cmd = /usr/bin/kinit
	sasl.kerberos.service.name = null
	sasl.kerberos.ticket.renew.jitter = 0.05
	ssl.trustmanager.algorithm = PKIX
	ssl.key.password = null
	fetch.max.wait.ms = 500
	sasl.kerberos.min.time.before.relogin = 60000
	connections.max.idle.ms = 540000
	session.timeout.ms = 30000
	metrics.num.samples = 2
	key.deserializer = class org.apache.kafka.common.serialization.StringDeserializer
	ssl.protocol = TLS
	streams.consumer.buffer.memory = 67108864
	ssl.provider = null
	ssl.enabled.protocols = [TLSv1.2, TLSv1.1, TLSv1]
	ssl.keystore.location = null
	ssl.cipher.suites = null
	security.protocol = PLAINTEXT
	ssl.keymanager.algorithm = SunX509
	metrics.sample.window.ms = 30000
	streams.zerooffset.record.on.eof = false
	auto.offset.reset = earliest

Header: hostName: vm75-179.support.mapr.com, Time Zone: Pacific Standard Time, processName: null, processId: null
2018-10-23 18:15:51,603 INFO  org.apache.kafka.clients.consumer.ConsumerConfig [main]: ConsumerConfig values: 
	fs.mapr.hardmount = true
	streams.record.strip.streampath = false
	metric.reporters = []
	metadata.max.age.ms = 300000
	partition.assignment.strategy = [org.apache.kafka.clients.consumer.RangeAssignor]
	reconnect.backoff.ms = 50
	sasl.kerberos.ticket.renew.window.factor = 0.8
	max.partition.fetch.bytes = 2147483647
	bootstrap.servers = []
	ssl.keystore.type = JKS
	enable.auto.commit = true
	fs.mapr.rpc.timeout = 300
	ssl.truststore.password = null
	client.id = 
	ssl.endpoint.identification.algorithm = null
	check.crcs = true
	request.timeout.ms = 40000
	heartbeat.interval.ms = 3000
	auto.commit.interval.ms = 100
	receive.buffer.bytes = 32768
	ssl.truststore.type = JKS
	ssl.truststore.location = null
	ssl.keystore.password = null
	streams.consumer.default.stream = 
	fetch.min.bytes = 1024
	send.buffer.bytes = 131072
	value.deserializer = class org.apache.kafka.common.serialization.StringDeserializer
	group.id = tgrp
	retry.backoff.ms = 100
	sasl.kerberos.kinit.cmd = /usr/bin/kinit
	sasl.kerberos.service.name = null
	sasl.kerberos.ticket.renew.jitter = 0.05
	ssl.trustmanager.algorithm = PKIX
	ssl.key.password = null
	fetch.max.wait.ms = 500
	sasl.kerberos.min.time.before.relogin = 60000
	connections.max.idle.ms = 540000
	session.timeout.ms = 30000
	metrics.num.samples = 2
	key.deserializer = class org.apache.kafka.common.serialization.StringDeserializer
	ssl.protocol = TLS
	streams.consumer.buffer.memory = 67108864
	ssl.provider = null
	ssl.enabled.protocols = [TLSv1.2, TLSv1.1, TLSv1]
	ssl.keystore.location = null
	ssl.cipher.suites = null
	security.protocol = PLAINTEXT
	ssl.keymanager.algorithm = SunX509
	metrics.sample.window.ms = 30000
	streams.zerooffset.record.on.eof = false
	auto.offset.reset = earliest

Header: hostName: vm75-179.support.mapr.com, Time Zone: Pacific Standard Time, processName: null, processId: null
2018-10-23 18:16:06,851 INFO  org.apache.kafka.clients.consumer.ConsumerConfig [main]: ConsumerConfig values: 
	fs.mapr.hardmount = true
	streams.record.strip.streampath = false
	metric.reporters = []
	metadata.max.age.ms = 300000
	partition.assignment.strategy = [org.apache.kafka.clients.consumer.RangeAssignor]
	reconnect.backoff.ms = 50
	sasl.kerberos.ticket.renew.window.factor = 0.8
	max.partition.fetch.bytes = 2147483647
	bootstrap.servers = []
	ssl.keystore.type = JKS
	enable.auto.commit = true
	fs.mapr.rpc.timeout = 300
	ssl.truststore.password = null
	client.id = 
	ssl.endpoint.identification.algorithm = null
	check.crcs = true
	request.timeout.ms = 40000
	heartbeat.interval.ms = 3000
	auto.commit.interval.ms = 100
	receive.buffer.bytes = 32768
	ssl.truststore.type = JKS
	ssl.truststore.location = null
	ssl.keystore.password = null
	streams.consumer.default.stream = 
	fetch.min.bytes = 1024
	send.buffer.bytes = 131072
	value.deserializer = class org.apache.kafka.common.serialization.StringDeserializer
	group.id = tgrp121
	retry.backoff.ms = 100
	sasl.kerberos.kinit.cmd = /usr/bin/kinit
	sasl.kerberos.service.name = null
	sasl.kerberos.ticket.renew.jitter = 0.05
	ssl.trustmanager.algorithm = PKIX
	ssl.key.password = null
	fetch.max.wait.ms = 500
	sasl.kerberos.min.time.before.relogin = 60000
	connections.max.idle.ms = 540000
	session.timeout.ms = 30000
	metrics.num.samples = 2
	key.deserializer = class org.apache.kafka.common.serialization.StringDeserializer
	ssl.protocol = TLS
	streams.consumer.buffer.memory = 67108864
	ssl.provider = null
	ssl.enabled.protocols = [TLSv1.2, TLSv1.1, TLSv1]
	ssl.keystore.location = null
	ssl.cipher.suites = null
	security.protocol = PLAINTEXT
	ssl.keymanager.algorithm = SunX509
	metrics.sample.window.ms = 30000
	streams.zerooffset.record.on.eof = false
	auto.offset.reset = earliest

Header: hostName: vm75-179.support.mapr.com, Time Zone: Pacific Standard Time, processName: null, processId: null
2018-10-23 18:16:21,403 INFO  org.apache.kafka.clients.consumer.ConsumerConfig [main]: ConsumerConfig values: 
	fs.mapr.hardmount = true
	streams.record.strip.streampath = false
	metric.reporters = []
	metadata.max.age.ms = 300000
	partition.assignment.strategy = [org.apache.kafka.clients.consumer.RangeAssignor]
	reconnect.backoff.ms = 50
	sasl.kerberos.ticket.renew.window.factor = 0.8
	max.partition.fetch.bytes = 2147483647
	bootstrap.servers = []
	ssl.keystore.type = JKS
	enable.auto.commit = true
	fs.mapr.rpc.timeout = 300
	ssl.truststore.password = null
	client.id = 
	ssl.endpoint.identification.algorithm = null
	check.crcs = true
	request.timeout.ms = 40000
	heartbeat.interval.ms = 3000
	auto.commit.interval.ms = 100
	receive.buffer.bytes = 32768
	ssl.truststore.type = JKS
	ssl.truststore.location = null
	ssl.keystore.password = null
	streams.consumer.default.stream = 
	fetch.min.bytes = 1024
	send.buffer.bytes = 131072
	value.deserializer = class org.apache.kafka.common.serialization.StringDeserializer
	group.id = tgrp121
	retry.backoff.ms = 100
	sasl.kerberos.kinit.cmd = /usr/bin/kinit
	sasl.kerberos.service.name = null
	sasl.kerberos.ticket.renew.jitter = 0.05
	ssl.trustmanager.algorithm = PKIX
	ssl.key.password = null
	fetch.max.wait.ms = 500
	sasl.kerberos.min.time.before.relogin = 60000
	connections.max.idle.ms = 540000
	session.timeout.ms = 30000
	metrics.num.samples = 2
	key.deserializer = class org.apache.kafka.common.serialization.StringDeserializer
	ssl.protocol = TLS
	streams.consumer.buffer.memory = 67108864
	ssl.provider = null
	ssl.enabled.protocols = [TLSv1.2, TLSv1.1, TLSv1]
	ssl.keystore.location = null
	ssl.cipher.suites = null
	security.protocol = PLAINTEXT
	ssl.keymanager.algorithm = SunX509
	metrics.sample.window.ms = 30000
	streams.zerooffset.record.on.eof = false
	auto.offset.reset = earliest

Header: hostName: vm75-179.support.mapr.com, Time Zone: Pacific Standard Time, processName: null, processId: null
2018-10-23 18:16:31,121 INFO  org.apache.kafka.clients.consumer.ConsumerConfig [main]: ConsumerConfig values: 
	fs.mapr.hardmount = true
	streams.record.strip.streampath = false
	metric.reporters = []
	metadata.max.age.ms = 300000
	partition.assignment.strategy = [org.apache.kafka.clients.consumer.RangeAssignor]
	reconnect.backoff.ms = 50
	sasl.kerberos.ticket.renew.window.factor = 0.8
	max.partition.fetch.bytes = 2147483647
	bootstrap.servers = []
	ssl.keystore.type = JKS
	enable.auto.commit = true
	fs.mapr.rpc.timeout = 300
	ssl.truststore.password = null
	client.id = 
	ssl.endpoint.identification.algorithm = null
	check.crcs = true
	request.timeout.ms = 40000
	heartbeat.interval.ms = 3000
	auto.commit.interval.ms = 100
	receive.buffer.bytes = 32768
	ssl.truststore.type = JKS
	ssl.truststore.location = null
	ssl.keystore.password = null
	streams.consumer.default.stream = 
	fetch.min.bytes = 1024
	send.buffer.bytes = 131072
	value.deserializer = class org.apache.kafka.common.serialization.StringDeserializer
	group.id = tgrp121
	retry.backoff.ms = 100
	sasl.kerberos.kinit.cmd = /usr/bin/kinit
	sasl.kerberos.service.name = null
	sasl.kerberos.ticket.renew.jitter = 0.05
	ssl.trustmanager.algorithm = PKIX
	ssl.key.password = null
	fetch.max.wait.ms = 500
	sasl.kerberos.min.time.before.relogin = 60000
	connections.max.idle.ms = 540000
	session.timeout.ms = 30000
	metrics.num.samples = 2
	key.deserializer = class org.apache.kafka.common.serialization.StringDeserializer
	ssl.protocol = TLS
	streams.consumer.buffer.memory = 67108864
	ssl.provider = null
	ssl.enabled.protocols = [TLSv1.2, TLSv1.1, TLSv1]
	ssl.keystore.location = null
	ssl.cipher.suites = null
	security.protocol = PLAINTEXT
	ssl.keymanager.algorithm = SunX509
	metrics.sample.window.ms = 30000
	streams.zerooffset.record.on.eof = false
	auto.offset.reset = earliest

Header: hostName: vm75-179.support.mapr.com, Time Zone: Pacific Standard Time, processName: null, processId: null
2018-10-23 18:16:38,131 INFO  org.apache.kafka.clients.consumer.ConsumerConfig [main]: ConsumerConfig values: 
	fs.mapr.hardmount = true
	streams.record.strip.streampath = false
	metric.reporters = []
	metadata.max.age.ms = 300000
	partition.assignment.strategy = [org.apache.kafka.clients.consumer.RangeAssignor]
	reconnect.backoff.ms = 50
	sasl.kerberos.ticket.renew.window.factor = 0.8
	max.partition.fetch.bytes = 2147483647
	bootstrap.servers = []
	ssl.keystore.type = JKS
	enable.auto.commit = true
	fs.mapr.rpc.timeout = 300
	ssl.truststore.password = null
	client.id = 
	ssl.endpoint.identification.algorithm = null
	check.crcs = true
	request.timeout.ms = 40000
	heartbeat.interval.ms = 3000
	auto.commit.interval.ms = 100
	receive.buffer.bytes = 32768
	ssl.truststore.type = JKS
	ssl.truststore.location = null
	ssl.keystore.password = null
	streams.consumer.default.stream = 
	fetch.min.bytes = 1024
	send.buffer.bytes = 131072
	value.deserializer = class org.apache.kafka.common.serialization.StringDeserializer
	group.id = tgrp121
	retry.backoff.ms = 100
	sasl.kerberos.kinit.cmd = /usr/bin/kinit
	sasl.kerberos.service.name = null
	sasl.kerberos.ticket.renew.jitter = 0.05
	ssl.trustmanager.algorithm = PKIX
	ssl.key.password = null
	fetch.max.wait.ms = 500
	sasl.kerberos.min.time.before.relogin = 60000
	connections.max.idle.ms = 540000
	session.timeout.ms = 30000
	metrics.num.samples = 2
	key.deserializer = class org.apache.kafka.common.serialization.StringDeserializer
	ssl.protocol = TLS
	streams.consumer.buffer.memory = 67108864
	ssl.provider = null
	ssl.enabled.protocols = [TLSv1.2, TLSv1.1, TLSv1]
	ssl.keystore.location = null
	ssl.cipher.suites = null
	security.protocol = PLAINTEXT
	ssl.keymanager.algorithm = SunX509
	metrics.sample.window.ms = 30000
	streams.zerooffset.record.on.eof = false
	auto.offset.reset = earliest

Header: hostName: vm75-179.support.mapr.com, Time Zone: Pacific Standard Time, processName: null, processId: null
2018-10-23 18:17:10,067 INFO  org.apache.kafka.clients.consumer.ConsumerConfig [main]: ConsumerConfig values: 
	fs.mapr.hardmount = true
	streams.record.strip.streampath = false
	metric.reporters = []
	metadata.max.age.ms = 300000
	partition.assignment.strategy = [org.apache.kafka.clients.consumer.RangeAssignor]
	reconnect.backoff.ms = 50
	sasl.kerberos.ticket.renew.window.factor = 0.8
	max.partition.fetch.bytes = 2147483647
	bootstrap.servers = []
	ssl.keystore.type = JKS
	enable.auto.commit = true
	fs.mapr.rpc.timeout = 300
	ssl.truststore.password = null
	client.id = 
	ssl.endpoint.identification.algorithm = null
	check.crcs = true
	request.timeout.ms = 40000
	heartbeat.interval.ms = 3000
	auto.commit.interval.ms = 100
	receive.buffer.bytes = 32768
	ssl.truststore.type = JKS
	ssl.truststore.location = null
	ssl.keystore.password = null
	streams.consumer.default.stream = 
	fetch.min.bytes = 1024
	send.buffer.bytes = 131072
	value.deserializer = class org.apache.kafka.common.serialization.StringDeserializer
	group.id = tmp
	retry.backoff.ms = 100
	sasl.kerberos.kinit.cmd = /usr/bin/kinit
	sasl.kerberos.service.name = null
	sasl.kerberos.ticket.renew.jitter = 0.05
	ssl.trustmanager.algorithm = PKIX
	ssl.key.password = null
	fetch.max.wait.ms = 500
	sasl.kerberos.min.time.before.relogin = 60000
	connections.max.idle.ms = 540000
	session.timeout.ms = 30000
	metrics.num.samples = 2
	key.deserializer = class org.apache.kafka.common.serialization.StringDeserializer
	ssl.protocol = TLS
	streams.consumer.buffer.memory = 67108864
	ssl.provider = null
	ssl.enabled.protocols = [TLSv1.2, TLSv1.1, TLSv1]
	ssl.keystore.location = null
	ssl.cipher.suites = null
	security.protocol = PLAINTEXT
	ssl.keymanager.algorithm = SunX509
	metrics.sample.window.ms = 30000
	streams.zerooffset.record.on.eof = false
	auto.offset.reset = earliest

Header: hostName: vm75-179.support.mapr.com, Time Zone: Pacific Standard Time, processName: null, processId: null
2018-10-23 18:17:44,255 INFO  org.apache.kafka.clients.consumer.ConsumerConfig [main]: ConsumerConfig values: 
	fs.mapr.hardmount = true
	streams.record.strip.streampath = false
	metric.reporters = []
	metadata.max.age.ms = 300000
	partition.assignment.strategy = [org.apache.kafka.clients.consumer.RangeAssignor]
	reconnect.backoff.ms = 50
	sasl.kerberos.ticket.renew.window.factor = 0.8
	max.partition.fetch.bytes = 2147483647
	bootstrap.servers = []
	ssl.keystore.type = JKS
	enable.auto.commit = true
	fs.mapr.rpc.timeout = 300
	ssl.truststore.password = null
	client.id = 
	ssl.endpoint.identification.algorithm = null
	check.crcs = true
	request.timeout.ms = 40000
	heartbeat.interval.ms = 3000
	auto.commit.interval.ms = 100
	receive.buffer.bytes = 32768
	ssl.truststore.type = JKS
	ssl.truststore.location = null
	ssl.keystore.password = null
	streams.consumer.default.stream = 
	fetch.min.bytes = 1024
	send.buffer.bytes = 131072
	value.deserializer = class org.apache.kafka.common.serialization.StringDeserializer
	group.id = tgrp121
	retry.backoff.ms = 100
	sasl.kerberos.kinit.cmd = /usr/bin/kinit
	sasl.kerberos.service.name = null
	sasl.kerberos.ticket.renew.jitter = 0.05
	ssl.trustmanager.algorithm = PKIX
	ssl.key.password = null
	fetch.max.wait.ms = 500
	sasl.kerberos.min.time.before.relogin = 60000
	connections.max.idle.ms = 540000
	session.timeout.ms = 30000
	metrics.num.samples = 2
	key.deserializer = class org.apache.kafka.common.serialization.StringDeserializer
	ssl.protocol = TLS
	streams.consumer.buffer.memory = 67108864
	ssl.provider = null
	ssl.enabled.protocols = [TLSv1.2, TLSv1.1, TLSv1]
	ssl.keystore.location = null
	ssl.cipher.suites = null
	security.protocol = PLAINTEXT
	ssl.keymanager.algorithm = SunX509
	metrics.sample.window.ms = 30000
	streams.zerooffset.record.on.eof = false
	auto.offset.reset = earliest

Header: hostName: vm75-179.support.mapr.com, Time Zone: Pacific Standard Time, processName: null, processId: null
2018-10-23 18:18:01,105 INFO  org.apache.kafka.clients.consumer.ConsumerConfig [main]: ConsumerConfig values: 
	fs.mapr.hardmount = true
	streams.record.strip.streampath = false
	metric.reporters = []
	metadata.max.age.ms = 300000
	partition.assignment.strategy = [org.apache.kafka.clients.consumer.RangeAssignor]
	reconnect.backoff.ms = 50
	sasl.kerberos.ticket.renew.window.factor = 0.8
	max.partition.fetch.bytes = 2147483647
	bootstrap.servers = []
	ssl.keystore.type = JKS
	enable.auto.commit = true
	fs.mapr.rpc.timeout = 300
	ssl.truststore.password = null
	client.id = 
	ssl.endpoint.identification.algorithm = null
	check.crcs = true
	request.timeout.ms = 40000
	heartbeat.interval.ms = 3000
	auto.commit.interval.ms = 100
	receive.buffer.bytes = 32768
	ssl.truststore.type = JKS
	ssl.truststore.location = null
	ssl.keystore.password = null
	streams.consumer.default.stream = 
	fetch.min.bytes = 1024
	send.buffer.bytes = 131072
	value.deserializer = class org.apache.kafka.common.serialization.StringDeserializer
	group.id = tgrp121
	retry.backoff.ms = 100
	sasl.kerberos.kinit.cmd = /usr/bin/kinit
	sasl.kerberos.service.name = null
	sasl.kerberos.ticket.renew.jitter = 0.05
	ssl.trustmanager.algorithm = PKIX
	ssl.key.password = null
	fetch.max.wait.ms = 500
	sasl.kerberos.min.time.before.relogin = 60000
	connections.max.idle.ms = 540000
	session.timeout.ms = 30000
	metrics.num.samples = 2
	key.deserializer = class org.apache.kafka.common.serialization.StringDeserializer
	ssl.protocol = TLS
	streams.consumer.buffer.memory = 67108864
	ssl.provider = null
	ssl.enabled.protocols = [TLSv1.2, TLSv1.1, TLSv1]
	ssl.keystore.location = null
	ssl.cipher.suites = null
	security.protocol = PLAINTEXT
	ssl.keymanager.algorithm = SunX509
	metrics.sample.window.ms = 30000
	streams.zerooffset.record.on.eof = false
	auto.offset.reset = earliest

Header: hostName: vm75-179.support.mapr.com, Time Zone: Pacific Standard Time, processName: null, processId: null
2018-10-23 18:18:19,428 INFO  org.apache.kafka.clients.consumer.ConsumerConfig [main]: ConsumerConfig values: 
	fs.mapr.hardmount = true
	streams.record.strip.streampath = false
	metric.reporters = []
	metadata.max.age.ms = 300000
	partition.assignment.strategy = [org.apache.kafka.clients.consumer.RangeAssignor]
	reconnect.backoff.ms = 50
	sasl.kerberos.ticket.renew.window.factor = 0.8
	max.partition.fetch.bytes = 2147483647
	bootstrap.servers = []
	ssl.keystore.type = JKS
	enable.auto.commit = true
	fs.mapr.rpc.timeout = 300
	ssl.truststore.password = null
	client.id = 
	ssl.endpoint.identification.algorithm = null
	check.crcs = true
	request.timeout.ms = 40000
	heartbeat.interval.ms = 3000
	auto.commit.interval.ms = 100
	receive.buffer.bytes = 32768
	ssl.truststore.type = JKS
	ssl.truststore.location = null
	ssl.keystore.password = null
	streams.consumer.default.stream = 
	fetch.min.bytes = 1024
	send.buffer.bytes = 131072
	value.deserializer = class org.apache.kafka.common.serialization.StringDeserializer
	group.id = tgrp121
	retry.backoff.ms = 100
	sasl.kerberos.kinit.cmd = /usr/bin/kinit
	sasl.kerberos.service.name = null
	sasl.kerberos.ticket.renew.jitter = 0.05
	ssl.trustmanager.algorithm = PKIX
	ssl.key.password = null
	fetch.max.wait.ms = 500
	sasl.kerberos.min.time.before.relogin = 60000
	connections.max.idle.ms = 540000
	session.timeout.ms = 30000
	metrics.num.samples = 2
	key.deserializer = class org.apache.kafka.common.serialization.StringDeserializer
	ssl.protocol = TLS
	streams.consumer.buffer.memory = 67108864
	ssl.provider = null
	ssl.enabled.protocols = [TLSv1.2, TLSv1.1, TLSv1]
	ssl.keystore.location = null
	ssl.cipher.suites = null
	security.protocol = PLAINTEXT
	ssl.keymanager.algorithm = SunX509
	metrics.sample.window.ms = 30000
	streams.zerooffset.record.on.eof = false
	auto.offset.reset = earliest

Header: hostName: vm75-179.support.mapr.com, Time Zone: Pacific Standard Time, processName: null, processId: null
2018-10-23 18:18:51,245 INFO  org.apache.kafka.clients.consumer.ConsumerConfig [main]: ConsumerConfig values: 
	fs.mapr.hardmount = true
	streams.record.strip.streampath = false
	metric.reporters = []
	metadata.max.age.ms = 300000
	partition.assignment.strategy = [org.apache.kafka.clients.consumer.RangeAssignor]
	reconnect.backoff.ms = 50
	sasl.kerberos.ticket.renew.window.factor = 0.8
	max.partition.fetch.bytes = 2147483647
	bootstrap.servers = []
	ssl.keystore.type = JKS
	enable.auto.commit = true
	fs.mapr.rpc.timeout = 300
	ssl.truststore.password = null
	client.id = 
	ssl.endpoint.identification.algorithm = null
	check.crcs = true
	request.timeout.ms = 40000
	heartbeat.interval.ms = 3000
	auto.commit.interval.ms = 100
	receive.buffer.bytes = 32768
	ssl.truststore.type = JKS
	ssl.truststore.location = null
	ssl.keystore.password = null
	streams.consumer.default.stream = 
	fetch.min.bytes = 1024
	send.buffer.bytes = 131072
	value.deserializer = class org.apache.kafka.common.serialization.StringDeserializer
	group.id = tgrp121
	retry.backoff.ms = 100
	sasl.kerberos.kinit.cmd = /usr/bin/kinit
	sasl.kerberos.service.name = null
	sasl.kerberos.ticket.renew.jitter = 0.05
	ssl.trustmanager.algorithm = PKIX
	ssl.key.password = null
	fetch.max.wait.ms = 500
	sasl.kerberos.min.time.before.relogin = 60000
	connections.max.idle.ms = 540000
	session.timeout.ms = 30000
	metrics.num.samples = 2
	key.deserializer = class org.apache.kafka.common.serialization.StringDeserializer
	ssl.protocol = TLS
	streams.consumer.buffer.memory = 67108864
	ssl.provider = null
	ssl.enabled.protocols = [TLSv1.2, TLSv1.1, TLSv1]
	ssl.keystore.location = null
	ssl.cipher.suites = null
	security.protocol = PLAINTEXT
	ssl.keymanager.algorithm = SunX509
	metrics.sample.window.ms = 30000
	streams.zerooffset.record.on.eof = false
	auto.offset.reset = earliest

Header: hostName: vm75-179.support.mapr.com, Time Zone: Pacific Standard Time, processName: null, processId: null
2018-10-23 18:19:08,853 INFO  org.apache.kafka.clients.consumer.ConsumerConfig [main]: ConsumerConfig values: 
	fs.mapr.hardmount = true
	streams.record.strip.streampath = false
	metric.reporters = []
	metadata.max.age.ms = 300000
	partition.assignment.strategy = [org.apache.kafka.clients.consumer.RangeAssignor]
	reconnect.backoff.ms = 50
	sasl.kerberos.ticket.renew.window.factor = 0.8
	max.partition.fetch.bytes = 2147483647
	bootstrap.servers = []
	ssl.keystore.type = JKS
	enable.auto.commit = true
	fs.mapr.rpc.timeout = 300
	ssl.truststore.password = null
	client.id = 
	ssl.endpoint.identification.algorithm = null
	check.crcs = true
	request.timeout.ms = 40000
	heartbeat.interval.ms = 3000
	auto.commit.interval.ms = 100
	receive.buffer.bytes = 32768
	ssl.truststore.type = JKS
	ssl.truststore.location = null
	ssl.keystore.password = null
	streams.consumer.default.stream = 
	fetch.min.bytes = 1024
	send.buffer.bytes = 131072
	value.deserializer = class org.apache.kafka.common.serialization.StringDeserializer
	group.id = tmp
	retry.backoff.ms = 100
	sasl.kerberos.kinit.cmd = /usr/bin/kinit
	sasl.kerberos.service.name = null
	sasl.kerberos.ticket.renew.jitter = 0.05
	ssl.trustmanager.algorithm = PKIX
	ssl.key.password = null
	fetch.max.wait.ms = 500
	sasl.kerberos.min.time.before.relogin = 60000
	connections.max.idle.ms = 540000
	session.timeout.ms = 30000
	metrics.num.samples = 2
	key.deserializer = class org.apache.kafka.common.serialization.StringDeserializer
	ssl.protocol = TLS
	streams.consumer.buffer.memory = 67108864
	ssl.provider = null
	ssl.enabled.protocols = [TLSv1.2, TLSv1.1, TLSv1]
	ssl.keystore.location = null
	ssl.cipher.suites = null
	security.protocol = PLAINTEXT
	ssl.keymanager.algorithm = SunX509
	metrics.sample.window.ms = 30000
	streams.zerooffset.record.on.eof = false
	auto.offset.reset = earliest

Header: hostName: vm75-179.support.mapr.com, Time Zone: Pacific Standard Time, processName: null, processId: null
2018-10-23 18:19:20,320 INFO  org.apache.kafka.clients.consumer.ConsumerConfig [main]: ConsumerConfig values: 
	fs.mapr.hardmount = true
	streams.record.strip.streampath = false
	metric.reporters = []
	metadata.max.age.ms = 300000
	partition.assignment.strategy = [org.apache.kafka.clients.consumer.RangeAssignor]
	reconnect.backoff.ms = 50
	sasl.kerberos.ticket.renew.window.factor = 0.8
	max.partition.fetch.bytes = 2147483647
	bootstrap.servers = []
	ssl.keystore.type = JKS
	enable.auto.commit = true
	fs.mapr.rpc.timeout = 300
	ssl.truststore.password = null
	client.id = 
	ssl.endpoint.identification.algorithm = null
	check.crcs = true
	request.timeout.ms = 40000
	heartbeat.interval.ms = 3000
	auto.commit.interval.ms = 100
	receive.buffer.bytes = 32768
	ssl.truststore.type = JKS
	ssl.truststore.location = null
	ssl.keystore.password = null
	streams.consumer.default.stream = 
	fetch.min.bytes = 1024
	send.buffer.bytes = 131072
	value.deserializer = class org.apache.kafka.common.serialization.StringDeserializer
	group.id = ptpt
	retry.backoff.ms = 100
	sasl.kerberos.kinit.cmd = /usr/bin/kinit
	sasl.kerberos.service.name = null
	sasl.kerberos.ticket.renew.jitter = 0.05
	ssl.trustmanager.algorithm = PKIX
	ssl.key.password = null
	fetch.max.wait.ms = 500
	sasl.kerberos.min.time.before.relogin = 60000
	connections.max.idle.ms = 540000
	session.timeout.ms = 30000
	metrics.num.samples = 2
	key.deserializer = class org.apache.kafka.common.serialization.StringDeserializer
	ssl.protocol = TLS
	streams.consumer.buffer.memory = 67108864
	ssl.provider = null
	ssl.enabled.protocols = [TLSv1.2, TLSv1.1, TLSv1]
	ssl.keystore.location = null
	ssl.cipher.suites = null
	security.protocol = PLAINTEXT
	ssl.keymanager.algorithm = SunX509
	metrics.sample.window.ms = 30000
	streams.zerooffset.record.on.eof = false
	auto.offset.reset = earliest

Header: hostName: vm75-179.support.mapr.com, Time Zone: Pacific Standard Time, processName: null, processId: null
2018-10-23 18:19:53,219 INFO  org.apache.kafka.clients.consumer.ConsumerConfig [main]: ConsumerConfig values: 
	fs.mapr.hardmount = true
	streams.record.strip.streampath = false
	metric.reporters = []
	metadata.max.age.ms = 300000
	partition.assignment.strategy = [org.apache.kafka.clients.consumer.RangeAssignor]
	reconnect.backoff.ms = 50
	sasl.kerberos.ticket.renew.window.factor = 0.8
	max.partition.fetch.bytes = 2147483647
	bootstrap.servers = []
	ssl.keystore.type = JKS
	enable.auto.commit = true
	fs.mapr.rpc.timeout = 300
	ssl.truststore.password = null
	client.id = 
	ssl.endpoint.identification.algorithm = null
	check.crcs = true
	request.timeout.ms = 40000
	heartbeat.interval.ms = 3000
	auto.commit.interval.ms = 100
	receive.buffer.bytes = 32768
	ssl.truststore.type = JKS
	ssl.truststore.location = null
	ssl.keystore.password = null
	streams.consumer.default.stream = 
	fetch.min.bytes = 1024
	send.buffer.bytes = 131072
	value.deserializer = class org.apache.kafka.common.serialization.StringDeserializer
	group.id = ptpt
	retry.backoff.ms = 100
	sasl.kerberos.kinit.cmd = /usr/bin/kinit
	sasl.kerberos.service.name = null
	sasl.kerberos.ticket.renew.jitter = 0.05
	ssl.trustmanager.algorithm = PKIX
	ssl.key.password = null
	fetch.max.wait.ms = 500
	sasl.kerberos.min.time.before.relogin = 60000
	connections.max.idle.ms = 540000
	session.timeout.ms = 30000
	metrics.num.samples = 2
	key.deserializer = class org.apache.kafka.common.serialization.StringDeserializer
	ssl.protocol = TLS
	streams.consumer.buffer.memory = 67108864
	ssl.provider = null
	ssl.enabled.protocols = [TLSv1.2, TLSv1.1, TLSv1]
	ssl.keystore.location = null
	ssl.cipher.suites = null
	security.protocol = PLAINTEXT
	ssl.keymanager.algorithm = SunX509
	metrics.sample.window.ms = 30000
	streams.zerooffset.record.on.eof = false
	auto.offset.reset = earliest

Header: hostName: vm75-179.support.mapr.com, Time Zone: Pacific Standard Time, processName: null, processId: null
2018-10-23 18:21:11,459 INFO  org.apache.kafka.clients.consumer.ConsumerConfig [main]: ConsumerConfig values: 
	fs.mapr.hardmount = true
	streams.record.strip.streampath = false
	metric.reporters = []
	metadata.max.age.ms = 300000
	partition.assignment.strategy = [org.apache.kafka.clients.consumer.RangeAssignor]
	reconnect.backoff.ms = 50
	sasl.kerberos.ticket.renew.window.factor = 0.8
	max.partition.fetch.bytes = 2147483647
	bootstrap.servers = []
	ssl.keystore.type = JKS
	enable.auto.commit = true
	fs.mapr.rpc.timeout = 300
	ssl.truststore.password = null
	client.id = 
	ssl.endpoint.identification.algorithm = null
	check.crcs = true
	request.timeout.ms = 40000
	heartbeat.interval.ms = 3000
	auto.commit.interval.ms = 100
	receive.buffer.bytes = 32768
	ssl.truststore.type = JKS
	ssl.truststore.location = null
	ssl.keystore.password = null
	streams.consumer.default.stream = 
	fetch.min.bytes = 1024
	send.buffer.bytes = 131072
	value.deserializer = class org.apache.kafka.common.serialization.StringDeserializer
	group.id = tgrp121
	retry.backoff.ms = 100
	sasl.kerberos.kinit.cmd = /usr/bin/kinit
	sasl.kerberos.service.name = null
	sasl.kerberos.ticket.renew.jitter = 0.05
	ssl.trustmanager.algorithm = PKIX
	ssl.key.password = null
	fetch.max.wait.ms = 500
	sasl.kerberos.min.time.before.relogin = 60000
	connections.max.idle.ms = 540000
	session.timeout.ms = 30000
	metrics.num.samples = 2
	key.deserializer = class org.apache.kafka.common.serialization.StringDeserializer
	ssl.protocol = TLS
	streams.consumer.buffer.memory = 67108864
	ssl.provider = null
	ssl.enabled.protocols = [TLSv1.2, TLSv1.1, TLSv1]
	ssl.keystore.location = null
	ssl.cipher.suites = null
	security.protocol = PLAINTEXT
	ssl.keymanager.algorithm = SunX509
	metrics.sample.window.ms = 30000
	streams.zerooffset.record.on.eof = false
	auto.offset.reset = earliest

Header: hostName: vm75-179.support.mapr.com, Time Zone: Pacific Standard Time, processName: null, processId: null
2018-10-23 18:21:22,343 INFO  org.apache.kafka.clients.consumer.ConsumerConfig [main]: ConsumerConfig values: 
	fs.mapr.hardmount = true
	streams.record.strip.streampath = false
	metric.reporters = []
	metadata.max.age.ms = 300000
	partition.assignment.strategy = [org.apache.kafka.clients.consumer.RangeAssignor]
	reconnect.backoff.ms = 50
	sasl.kerberos.ticket.renew.window.factor = 0.8
	max.partition.fetch.bytes = 2147483647
	bootstrap.servers = []
	ssl.keystore.type = JKS
	enable.auto.commit = true
	fs.mapr.rpc.timeout = 300
	ssl.truststore.password = null
	client.id = 
	ssl.endpoint.identification.algorithm = null
	check.crcs = true
	request.timeout.ms = 40000
	heartbeat.interval.ms = 3000
	auto.commit.interval.ms = 100
	receive.buffer.bytes = 32768
	ssl.truststore.type = JKS
	ssl.truststore.location = null
	ssl.keystore.password = null
	streams.consumer.default.stream = 
	fetch.min.bytes = 1024
	send.buffer.bytes = 131072
	value.deserializer = class org.apache.kafka.common.serialization.StringDeserializer
	group.id = tgrp121
	retry.backoff.ms = 100
	sasl.kerberos.kinit.cmd = /usr/bin/kinit
	sasl.kerberos.service.name = null
	sasl.kerberos.ticket.renew.jitter = 0.05
	ssl.trustmanager.algorithm = PKIX
	ssl.key.password = null
	fetch.max.wait.ms = 500
	sasl.kerberos.min.time.before.relogin = 60000
	connections.max.idle.ms = 540000
	session.timeout.ms = 30000
	metrics.num.samples = 2
	key.deserializer = class org.apache.kafka.common.serialization.StringDeserializer
	ssl.protocol = TLS
	streams.consumer.buffer.memory = 67108864
	ssl.provider = null
	ssl.enabled.protocols = [TLSv1.2, TLSv1.1, TLSv1]
	ssl.keystore.location = null
	ssl.cipher.suites = null
	security.protocol = PLAINTEXT
	ssl.keymanager.algorithm = SunX509
	metrics.sample.window.ms = 30000
	streams.zerooffset.record.on.eof = false
	auto.offset.reset = earliest

